2026-02-14 18:26:27 - pharmarec.main - INFO - [main.py:34] - Initializing database...
2026-02-14 18:26:27 - pharmarec.main - INFO - [main.py:34] - Initializing database...
2026-02-14 18:26:27 - pharmarec.main - INFO - [main.py:36] - Database initialized successfully
2026-02-14 18:26:27 - pharmarec.main - INFO - [main.py:36] - Database initialized successfully
2026-02-14 18:26:32 - pharmarec.main - INFO - [main.py:34] - Initializing database...
2026-02-14 18:26:32 - pharmarec.main - INFO - [main.py:34] - Initializing database...
2026-02-14 18:26:32 - pharmarec.main - INFO - [main.py:36] - Database initialized successfully
2026-02-14 18:26:32 - pharmarec.main - INFO - [main.py:36] - Database initialized successfully
2026-02-14 18:31:35 - pharmarec.main - INFO - [main.py:34] - Initializing database...
2026-02-14 18:31:35 - pharmarec.main - INFO - [main.py:34] - Initializing database...
2026-02-14 18:31:35 - pharmarec.main - INFO - [main.py:36] - Database initialized successfully
2026-02-14 18:31:35 - pharmarec.main - INFO - [main.py:36] - Database initialized successfully
2026-02-14 18:31:39 - pharmarec.main - INFO - [main.py:34] - Initializing database...
2026-02-14 18:31:39 - pharmarec.main - INFO - [main.py:34] - Initializing database...
2026-02-14 18:31:39 - pharmarec.main - INFO - [main.py:36] - Database initialized successfully
2026-02-14 18:31:39 - pharmarec.main - INFO - [main.py:36] - Database initialized successfully
2026-02-14 18:32:21 - pharmarec.main - INFO - [main.py:39] - Shutting down application
2026-02-14 18:32:21 - pharmarec.main - INFO - [main.py:39] - Shutting down application
2026-02-14 18:32:28 - pharmarec.main - INFO - [main.py:34] - Initializing database...
2026-02-14 18:32:28 - pharmarec.main - INFO - [main.py:34] - Initializing database...
2026-02-14 18:32:28 - pharmarec.main - INFO - [main.py:36] - Database initialized successfully
2026-02-14 18:32:28 - pharmarec.main - INFO - [main.py:36] - Database initialized successfully
2026-02-14 18:32:33 - pharmarec.main - INFO - [main.py:39] - Shutting down application
2026-02-14 18:32:33 - pharmarec.main - INFO - [main.py:39] - Shutting down application
2026-02-14 18:32:37 - pharmarec.main - INFO - [main.py:34] - Initializing database...
2026-02-14 18:32:37 - pharmarec.main - INFO - [main.py:34] - Initializing database...
2026-02-14 18:32:37 - pharmarec.main - INFO - [main.py:36] - Database initialized successfully
2026-02-14 18:32:37 - pharmarec.main - INFO - [main.py:36] - Database initialized successfully
2026-02-14 18:35:06 - pharmarec.main - INFO - [main.py:34] - Initializing database...
2026-02-14 18:35:06 - pharmarec.main - INFO - [main.py:34] - Initializing database...
2026-02-14 18:35:06 - pharmarec.main - INFO - [main.py:36] - Database initialized successfully
2026-02-14 18:35:06 - pharmarec.main - INFO - [main.py:36] - Database initialized successfully
2026-02-14 18:37:56 - pharmarec.main - INFO - [main.py:39] - Shutting down application
2026-02-14 18:37:56 - pharmarec.main - INFO - [main.py:39] - Shutting down application
2026-02-14 18:37:56 - pharmarec.main - INFO - [main.py:39] - Shutting down application
2026-02-14 18:37:56 - pharmarec.main - INFO - [main.py:39] - Shutting down application
2026-02-14 18:37:56 - pharmarec.main - INFO - [main.py:39] - Shutting down application
2026-02-14 18:37:56 - pharmarec.main - INFO - [main.py:39] - Shutting down application
2026-02-14 18:37:59 - pharmarec.main - INFO - [main.py:34] - Initializing database...
2026-02-14 18:37:59 - pharmarec.main - INFO - [main.py:34] - Initializing database...
2026-02-14 18:37:59 - pharmarec.main - INFO - [main.py:36] - Database initialized successfully
2026-02-14 18:37:59 - pharmarec.main - INFO - [main.py:36] - Database initialized successfully
2026-02-14 18:37:59 - pharmarec.main - INFO - [main.py:34] - Initializing database...
2026-02-14 18:37:59 - pharmarec.main - INFO - [main.py:34] - Initializing database...
2026-02-14 18:37:59 - pharmarec.main - INFO - [main.py:36] - Database initialized successfully
2026-02-14 18:37:59 - pharmarec.main - INFO - [main.py:36] - Database initialized successfully
2026-02-14 18:37:59 - pharmarec.main - INFO - [main.py:34] - Initializing database...
2026-02-14 18:37:59 - pharmarec.main - INFO - [main.py:34] - Initializing database...
2026-02-14 18:37:59 - pharmarec.main - INFO - [main.py:36] - Database initialized successfully
2026-02-14 18:37:59 - pharmarec.main - INFO - [main.py:36] - Database initialized successfully
2026-02-14 18:38:01 - pharmarec.main - INFO - [main.py:39] - Shutting down application
2026-02-14 18:38:01 - pharmarec.main - INFO - [main.py:39] - Shutting down application
2026-02-14 18:38:01 - pharmarec.main - INFO - [main.py:39] - Shutting down application
2026-02-14 18:38:01 - pharmarec.main - INFO - [main.py:39] - Shutting down application
2026-02-14 18:38:01 - pharmarec.main - INFO - [main.py:39] - Shutting down application
2026-02-14 18:38:01 - pharmarec.main - INFO - [main.py:39] - Shutting down application
2026-02-14 18:38:04 - pharmarec.main - INFO - [main.py:34] - Initializing database...
2026-02-14 18:38:04 - pharmarec.main - INFO - [main.py:34] - Initializing database...
2026-02-14 18:38:04 - pharmarec.main - INFO - [main.py:34] - Initializing database...
2026-02-14 18:38:04 - pharmarec.main - INFO - [main.py:34] - Initializing database...
2026-02-14 18:38:04 - pharmarec.main - INFO - [main.py:36] - Database initialized successfully
2026-02-14 18:38:04 - pharmarec.main - INFO - [main.py:36] - Database initialized successfully
2026-02-14 18:38:04 - pharmarec.main - INFO - [main.py:36] - Database initialized successfully
2026-02-14 18:38:04 - pharmarec.main - INFO - [main.py:36] - Database initialized successfully
2026-02-14 18:38:04 - pharmarec.main - INFO - [main.py:34] - Initializing database...
2026-02-14 18:38:04 - pharmarec.main - INFO - [main.py:34] - Initializing database...
2026-02-14 18:38:04 - pharmarec.main - INFO - [main.py:36] - Database initialized successfully
2026-02-14 18:38:04 - pharmarec.main - INFO - [main.py:36] - Database initialized successfully
2026-02-14 18:38:34 - pharmarec.main - INFO - [main.py:34] - Initializing database...
2026-02-14 18:38:34 - pharmarec.main - INFO - [main.py:34] - Initializing database...
2026-02-14 18:38:34 - pharmarec.main - INFO - [main.py:36] - Database initialized successfully
2026-02-14 18:38:34 - pharmarec.main - INFO - [main.py:36] - Database initialized successfully
2026-02-14 18:39:26 - pharmarec.main - INFO - [main.py:34] - Initializing database...
2026-02-14 18:39:26 - pharmarec.main - INFO - [main.py:34] - Initializing database...
2026-02-14 18:39:26 - pharmarec.main - INFO - [main.py:36] - Database initialized successfully
2026-02-14 18:39:26 - pharmarec.main - INFO - [main.py:36] - Database initialized successfully
2026-02-14 18:41:02 - pharmarec.main - INFO - [main.py:34] - Initializing database...
2026-02-14 18:41:02 - pharmarec.main - INFO - [main.py:34] - Initializing database...
2026-02-14 18:41:02 - pharmarec.main - INFO - [main.py:36] - Database initialized successfully
2026-02-14 18:41:02 - pharmarec.main - INFO - [main.py:36] - Database initialized successfully
2026-02-14 18:44:54 - pharmarec.main - INFO - [main.py:39] - Shutting down application
2026-02-14 18:44:54 - pharmarec.main - INFO - [main.py:39] - Shutting down application
2026-02-14 18:44:54 - pharmarec.main - INFO - [main.py:39] - Shutting down application
2026-02-14 18:44:54 - pharmarec.main - INFO - [main.py:39] - Shutting down application
2026-02-14 18:44:54 - pharmarec.main - INFO - [main.py:39] - Shutting down application
2026-02-14 18:44:54 - pharmarec.main - INFO - [main.py:39] - Shutting down application
2026-02-14 18:44:54 - pharmarec.main - INFO - [main.py:39] - Shutting down application
2026-02-14 18:44:54 - pharmarec.main - INFO - [main.py:39] - Shutting down application
2026-02-14 18:45:00 - pharmarec.main - INFO - [main.py:139] - PharmaRec AI v1.0.0 FastAPI app initialized
2026-02-14 18:45:00 - pharmarec.main - INFO - [main.py:139] - PharmaRec AI v1.0.0 FastAPI app initialized
2026-02-14 18:45:00 - pharmarec.main - INFO - [main.py:140] - OpenAPI docs available at: /docs
2026-02-14 18:45:00 - pharmarec.main - INFO - [main.py:140] - OpenAPI docs available at: /docs
2026-02-14 18:45:00 - pharmarec.main - INFO - [main.py:34] - Initializing database...
2026-02-14 18:45:00 - pharmarec.main - INFO - [main.py:34] - Initializing database...
2026-02-14 18:45:00 - pharmarec.main - INFO - [main.py:36] - Database initialized successfully
2026-02-14 18:45:00 - pharmarec.main - INFO - [main.py:36] - Database initialized successfully
2026-02-14 18:45:01 - pharmarec.main - INFO - [main.py:139] - PharmaRec AI v1.0.0 FastAPI app initialized
2026-02-14 18:45:01 - pharmarec.main - INFO - [main.py:139] - PharmaRec AI v1.0.0 FastAPI app initialized
2026-02-14 18:45:01 - pharmarec.main - INFO - [main.py:140] - OpenAPI docs available at: /docs
2026-02-14 18:45:01 - pharmarec.main - INFO - [main.py:139] - PharmaRec AI v1.0.0 FastAPI app initialized
2026-02-14 18:45:01 - pharmarec.main - INFO - [main.py:140] - OpenAPI docs available at: /docs
2026-02-14 18:45:01 - pharmarec.main - INFO - [main.py:139] - PharmaRec AI v1.0.0 FastAPI app initialized
2026-02-14 18:45:01 - pharmarec.main - INFO - [main.py:140] - OpenAPI docs available at: /docs
2026-02-14 18:45:01 - pharmarec.main - INFO - [main.py:140] - OpenAPI docs available at: /docs
2026-02-14 18:45:01 - pharmarec.main - INFO - [main.py:34] - Initializing database...
2026-02-14 18:45:01 - pharmarec.main - INFO - [main.py:34] - Initializing database...
2026-02-14 18:45:01 - pharmarec.main - INFO - [main.py:34] - Initializing database...
2026-02-14 18:45:01 - pharmarec.main - INFO - [main.py:34] - Initializing database...
2026-02-14 18:45:01 - pharmarec.main - INFO - [main.py:36] - Database initialized successfully
2026-02-14 18:45:01 - pharmarec.main - INFO - [main.py:36] - Database initialized successfully
2026-02-14 18:45:01 - pharmarec.main - INFO - [main.py:36] - Database initialized successfully
2026-02-14 18:45:01 - pharmarec.main - INFO - [main.py:36] - Database initialized successfully
2026-02-14 18:45:01 - pharmarec.main - INFO - [main.py:139] - PharmaRec AI v1.0.0 FastAPI app initialized
2026-02-14 18:45:01 - pharmarec.main - INFO - [main.py:139] - PharmaRec AI v1.0.0 FastAPI app initialized
2026-02-14 18:45:01 - pharmarec.main - INFO - [main.py:140] - OpenAPI docs available at: /docs
2026-02-14 18:45:01 - pharmarec.main - INFO - [main.py:140] - OpenAPI docs available at: /docs
2026-02-14 18:45:01 - pharmarec.main - INFO - [main.py:34] - Initializing database...
2026-02-14 18:45:01 - pharmarec.main - INFO - [main.py:34] - Initializing database...
2026-02-14 18:45:01 - pharmarec.main - INFO - [main.py:36] - Database initialized successfully
2026-02-14 18:45:01 - pharmarec.main - INFO - [main.py:36] - Database initialized successfully
2026-02-14 18:45:02 - pharmarec.main - INFO - [main.py:39] - Shutting down application
2026-02-14 18:45:02 - pharmarec.main - INFO - [main.py:39] - Shutting down application
2026-02-14 18:45:08 - pharmarec.main - INFO - [main.py:139] - PharmaRec AI v1.0.0 FastAPI app initialized
2026-02-14 18:45:08 - pharmarec.main - INFO - [main.py:139] - PharmaRec AI v1.0.0 FastAPI app initialized
2026-02-14 18:45:08 - pharmarec.main - INFO - [main.py:140] - OpenAPI docs available at: /docs
2026-02-14 18:45:08 - pharmarec.main - INFO - [main.py:140] - OpenAPI docs available at: /docs
2026-02-14 18:45:08 - pharmarec.main - INFO - [main.py:34] - Initializing database...
2026-02-14 18:45:08 - pharmarec.main - INFO - [main.py:34] - Initializing database...
2026-02-14 18:45:08 - pharmarec.main - INFO - [main.py:36] - Database initialized successfully
2026-02-14 18:45:08 - pharmarec.main - INFO - [main.py:36] - Database initialized successfully
2026-02-14 18:45:42 - pharmarec.main - INFO - [main.py:39] - Shutting down application
2026-02-14 18:45:42 - pharmarec.main - INFO - [main.py:39] - Shutting down application
2026-02-14 18:45:42 - pharmarec.main - INFO - [main.py:39] - Shutting down application
2026-02-14 18:45:42 - pharmarec.main - INFO - [main.py:39] - Shutting down application
2026-02-14 18:45:42 - pharmarec.main - INFO - [main.py:39] - Shutting down application
2026-02-14 18:45:42 - pharmarec.main - INFO - [main.py:39] - Shutting down application
2026-02-14 18:45:43 - pharmarec.main - INFO - [main.py:39] - Shutting down application
2026-02-14 18:45:43 - pharmarec.main - INFO - [main.py:39] - Shutting down application
2026-02-14 18:45:45 - pharmarec.main - INFO - [main.py:139] - PharmaRec AI v1.0.0 FastAPI app initialized
2026-02-14 18:45:45 - pharmarec.main - INFO - [main.py:139] - PharmaRec AI v1.0.0 FastAPI app initialized
2026-02-14 18:45:45 - pharmarec.main - INFO - [main.py:140] - OpenAPI docs available at: /docs
2026-02-14 18:45:45 - pharmarec.main - INFO - [main.py:140] - OpenAPI docs available at: /docs
2026-02-14 18:45:45 - pharmarec.main - INFO - [main.py:34] - Initializing database...
2026-02-14 18:45:45 - pharmarec.main - INFO - [main.py:34] - Initializing database...
2026-02-14 18:45:45 - pharmarec.main - INFO - [main.py:36] - Database initialized successfully
2026-02-14 18:45:45 - pharmarec.main - INFO - [main.py:36] - Database initialized successfully
2026-02-14 18:45:45 - pharmarec.main - INFO - [main.py:139] - PharmaRec AI v1.0.0 FastAPI app initialized
2026-02-14 18:45:45 - pharmarec.main - INFO - [main.py:139] - PharmaRec AI v1.0.0 FastAPI app initialized
2026-02-14 18:45:45 - pharmarec.main - INFO - [main.py:140] - OpenAPI docs available at: /docs
2026-02-14 18:45:45 - pharmarec.main - INFO - [main.py:140] - OpenAPI docs available at: /docs
2026-02-14 18:45:45 - pharmarec.main - INFO - [main.py:34] - Initializing database...
2026-02-14 18:45:45 - pharmarec.main - INFO - [main.py:34] - Initializing database...
2026-02-14 18:45:45 - pharmarec.main - INFO - [main.py:36] - Database initialized successfully
2026-02-14 18:45:45 - pharmarec.main - INFO - [main.py:36] - Database initialized successfully
2026-02-14 18:45:45 - pharmarec.main - INFO - [main.py:139] - PharmaRec AI v1.0.0 FastAPI app initialized
2026-02-14 18:45:45 - pharmarec.main - INFO - [main.py:139] - PharmaRec AI v1.0.0 FastAPI app initialized
2026-02-14 18:45:45 - pharmarec.main - INFO - [main.py:140] - OpenAPI docs available at: /docs
2026-02-14 18:45:45 - pharmarec.main - INFO - [main.py:140] - OpenAPI docs available at: /docs
2026-02-14 18:45:45 - pharmarec.main - INFO - [main.py:34] - Initializing database...
2026-02-14 18:45:45 - pharmarec.main - INFO - [main.py:34] - Initializing database...
2026-02-14 18:45:45 - pharmarec.main - INFO - [main.py:36] - Database initialized successfully
2026-02-14 18:45:45 - pharmarec.main - INFO - [main.py:36] - Database initialized successfully
2026-02-14 18:45:45 - pharmarec.main - INFO - [main.py:139] - PharmaRec AI v1.0.0 FastAPI app initialized
2026-02-14 18:45:45 - pharmarec.main - INFO - [main.py:139] - PharmaRec AI v1.0.0 FastAPI app initialized
2026-02-14 18:45:45 - pharmarec.main - INFO - [main.py:140] - OpenAPI docs available at: /docs
2026-02-14 18:45:45 - pharmarec.main - INFO - [main.py:140] - OpenAPI docs available at: /docs
2026-02-14 18:45:45 - pharmarec.main - INFO - [main.py:34] - Initializing database...
2026-02-14 18:45:45 - pharmarec.main - INFO - [main.py:34] - Initializing database...
2026-02-14 18:45:45 - pharmarec.main - INFO - [main.py:36] - Database initialized successfully
2026-02-14 18:45:45 - pharmarec.main - INFO - [main.py:36] - Database initialized successfully
2026-02-14 18:47:00 - pharmarec.main - INFO - [main.py:139] - PharmaRec AI v1.0.0 FastAPI app initialized
2026-02-14 18:47:00 - pharmarec.main - INFO - [main.py:139] - PharmaRec AI v1.0.0 FastAPI app initialized
2026-02-14 18:47:00 - pharmarec.main - INFO - [main.py:140] - OpenAPI docs available at: /docs
2026-02-14 18:47:00 - pharmarec.main - INFO - [main.py:140] - OpenAPI docs available at: /docs
2026-02-14 18:47:00 - pharmarec.main - INFO - [main.py:34] - Initializing database...
2026-02-14 18:47:00 - pharmarec.main - INFO - [main.py:34] - Initializing database...
2026-02-14 18:47:00 - pharmarec.main - INFO - [main.py:36] - Database initialized successfully
2026-02-14 18:47:00 - pharmarec.main - INFO - [main.py:36] - Database initialized successfully
2026-02-14 18:48:02 - pharmarec.main - INFO - [main.py:39] - Shutting down application
2026-02-14 18:48:02 - pharmarec.main - INFO - [main.py:39] - Shutting down application
2026-02-14 18:48:05 - pharmarec.main - INFO - [main.py:139] - PharmaRec AI v1.0.0 FastAPI app initialized
2026-02-14 18:48:05 - pharmarec.main - INFO - [main.py:139] - PharmaRec AI v1.0.0 FastAPI app initialized
2026-02-14 18:48:05 - pharmarec.main - INFO - [main.py:140] - OpenAPI docs available at: /docs
2026-02-14 18:48:05 - pharmarec.main - INFO - [main.py:140] - OpenAPI docs available at: /docs
2026-02-14 18:48:05 - pharmarec.main - INFO - [main.py:34] - Initializing database...
2026-02-14 18:48:05 - pharmarec.main - INFO - [main.py:34] - Initializing database...
2026-02-14 18:48:05 - pharmarec.main - INFO - [main.py:36] - Database initialized successfully
2026-02-14 18:48:05 - pharmarec.main - INFO - [main.py:36] - Database initialized successfully
2026-02-14 18:48:06 - pharmarec.main - INFO - [main.py:39] - Shutting down application
2026-02-14 18:48:06 - pharmarec.main - INFO - [main.py:39] - Shutting down application
2026-02-14 18:48:09 - pharmarec.main - INFO - [main.py:139] - PharmaRec AI v1.0.0 FastAPI app initialized
2026-02-14 18:48:09 - pharmarec.main - INFO - [main.py:139] - PharmaRec AI v1.0.0 FastAPI app initialized
2026-02-14 18:48:09 - pharmarec.main - INFO - [main.py:140] - OpenAPI docs available at: /docs
2026-02-14 18:48:09 - pharmarec.main - INFO - [main.py:140] - OpenAPI docs available at: /docs
2026-02-14 18:48:09 - pharmarec.main - INFO - [main.py:34] - Initializing database...
2026-02-14 18:48:09 - pharmarec.main - INFO - [main.py:34] - Initializing database...
2026-02-14 18:48:09 - pharmarec.main - INFO - [main.py:36] - Database initialized successfully
2026-02-14 18:48:09 - pharmarec.main - INFO - [main.py:36] - Database initialized successfully
2026-02-14 18:53:59 - pharmarec.main - INFO - [main.py:139] - PharmaRec AI v1.0.0 FastAPI app initialized
2026-02-14 18:53:59 - pharmarec.main - INFO - [main.py:139] - PharmaRec AI v1.0.0 FastAPI app initialized
2026-02-14 18:53:59 - pharmarec.main - INFO - [main.py:140] - OpenAPI docs available at: /docs
2026-02-14 18:53:59 - pharmarec.main - INFO - [main.py:140] - OpenAPI docs available at: /docs
2026-02-14 18:53:59 - pharmarec.main - INFO - [main.py:34] - Initializing database...
2026-02-14 18:53:59 - pharmarec.main - INFO - [main.py:34] - Initializing database...
2026-02-14 18:53:59 - pharmarec.main - INFO - [main.py:36] - Database initialized successfully
2026-02-14 18:53:59 - pharmarec.main - INFO - [main.py:36] - Database initialized successfully
2026-02-14 18:53:59 - pharmarec.main - INFO - [main.py:39] - Shutting down application
2026-02-14 18:53:59 - pharmarec.main - INFO - [main.py:39] - Shutting down application
2026-02-14 18:53:59 - pharmarec.main - INFO - [main.py:34] - Initializing database...
2026-02-14 18:53:59 - pharmarec.main - INFO - [main.py:34] - Initializing database...
2026-02-14 18:53:59 - pharmarec.main - INFO - [main.py:36] - Database initialized successfully
2026-02-14 18:53:59 - pharmarec.main - INFO - [main.py:36] - Database initialized successfully
2026-02-14 18:54:00 - pharmarec.main - INFO - [main.py:39] - Shutting down application
2026-02-14 18:54:00 - pharmarec.main - INFO - [main.py:39] - Shutting down application
2026-02-14 18:54:00 - pharmarec.main - INFO - [main.py:34] - Initializing database...
2026-02-14 18:54:00 - pharmarec.main - INFO - [main.py:34] - Initializing database...
2026-02-14 18:54:00 - pharmarec.main - INFO - [main.py:36] - Database initialized successfully
2026-02-14 18:54:00 - pharmarec.main - INFO - [main.py:36] - Database initialized successfully
2026-02-14 18:54:00 - pharmarec.main - INFO - [main.py:39] - Shutting down application
2026-02-14 18:54:00 - pharmarec.main - INFO - [main.py:39] - Shutting down application
2026-02-14 18:54:00 - pharmarec.main - INFO - [main.py:34] - Initializing database...
2026-02-14 18:54:00 - pharmarec.main - INFO - [main.py:34] - Initializing database...
2026-02-14 18:54:00 - pharmarec.main - INFO - [main.py:36] - Database initialized successfully
2026-02-14 18:54:00 - pharmarec.main - INFO - [main.py:36] - Database initialized successfully
2026-02-14 18:54:00 - pharmarec.main - INFO - [main.py:39] - Shutting down application
2026-02-14 18:54:00 - pharmarec.main - INFO - [main.py:39] - Shutting down application
2026-02-14 18:54:00 - pharmarec.main - INFO - [main.py:34] - Initializing database...
2026-02-14 18:54:00 - pharmarec.main - INFO - [main.py:34] - Initializing database...
2026-02-14 18:54:00 - pharmarec.main - INFO - [main.py:36] - Database initialized successfully
2026-02-14 18:54:00 - pharmarec.main - INFO - [main.py:36] - Database initialized successfully
2026-02-14 18:54:00 - pharmarec.main - INFO - [main.py:39] - Shutting down application
2026-02-14 18:54:00 - pharmarec.main - INFO - [main.py:39] - Shutting down application
2026-02-14 18:54:00 - pharmarec.main - INFO - [main.py:34] - Initializing database...
2026-02-14 18:54:00 - pharmarec.main - INFO - [main.py:34] - Initializing database...
2026-02-14 18:54:00 - pharmarec.main - INFO - [main.py:36] - Database initialized successfully
2026-02-14 18:54:00 - pharmarec.main - INFO - [main.py:36] - Database initialized successfully
2026-02-14 18:54:00 - pharmarec.main - INFO - [main.py:39] - Shutting down application
2026-02-14 18:54:00 - pharmarec.main - INFO - [main.py:39] - Shutting down application
2026-02-14 18:54:00 - pharmarec.main - INFO - [main.py:34] - Initializing database...
2026-02-14 18:54:00 - pharmarec.main - INFO - [main.py:34] - Initializing database...
2026-02-14 18:54:00 - pharmarec.main - INFO - [main.py:36] - Database initialized successfully
2026-02-14 18:54:00 - pharmarec.main - INFO - [main.py:36] - Database initialized successfully
2026-02-14 18:54:00 - pharmarec.main - INFO - [main.py:39] - Shutting down application
2026-02-14 18:54:00 - pharmarec.main - INFO - [main.py:39] - Shutting down application
2026-02-14 18:54:00 - pharmarec.main - INFO - [main.py:34] - Initializing database...
2026-02-14 18:54:00 - pharmarec.main - INFO - [main.py:34] - Initializing database...
2026-02-14 18:54:00 - pharmarec.main - INFO - [main.py:36] - Database initialized successfully
2026-02-14 18:54:00 - pharmarec.main - INFO - [main.py:36] - Database initialized successfully
2026-02-14 18:54:00 - pharmarec.main - INFO - [main.py:39] - Shutting down application
2026-02-14 18:54:00 - pharmarec.main - INFO - [main.py:39] - Shutting down application
2026-02-14 18:54:00 - pharmarec.main - INFO - [main.py:34] - Initializing database...
2026-02-14 18:54:00 - pharmarec.main - INFO - [main.py:34] - Initializing database...
2026-02-14 18:54:00 - pharmarec.main - INFO - [main.py:36] - Database initialized successfully
2026-02-14 18:54:00 - pharmarec.main - INFO - [main.py:36] - Database initialized successfully
2026-02-14 18:54:00 - pharmarec.main - INFO - [main.py:39] - Shutting down application
2026-02-14 18:54:00 - pharmarec.main - INFO - [main.py:39] - Shutting down application
2026-02-14 18:54:00 - pharmarec.main - INFO - [main.py:34] - Initializing database...
2026-02-14 18:54:00 - pharmarec.main - INFO - [main.py:34] - Initializing database...
2026-02-14 18:54:00 - pharmarec.main - INFO - [main.py:36] - Database initialized successfully
2026-02-14 18:54:00 - pharmarec.main - INFO - [main.py:36] - Database initialized successfully
2026-02-14 18:54:00 - pharmarec.main - INFO - [main.py:39] - Shutting down application
2026-02-14 18:54:00 - pharmarec.main - INFO - [main.py:39] - Shutting down application
2026-02-14 18:56:31 - pharmarec.main - INFO - [main.py:39] - Shutting down application
2026-02-14 18:56:31 - pharmarec.main - INFO - [main.py:39] - Shutting down application
2026-02-14 18:56:34 - pharmarec.main - INFO - [main.py:139] - PharmaRec AI v1.0.0 FastAPI app initialized
2026-02-14 18:56:34 - pharmarec.main - INFO - [main.py:139] - PharmaRec AI v1.0.0 FastAPI app initialized
2026-02-14 18:56:34 - pharmarec.main - INFO - [main.py:140] - OpenAPI docs available at: /docs
2026-02-14 18:56:34 - pharmarec.main - INFO - [main.py:140] - OpenAPI docs available at: /docs
2026-02-14 18:56:34 - pharmarec.main - INFO - [main.py:34] - Initializing database...
2026-02-14 18:56:34 - pharmarec.main - INFO - [main.py:34] - Initializing database...
2026-02-14 18:56:34 - pharmarec.main - INFO - [main.py:36] - Database initialized successfully
2026-02-14 18:56:34 - pharmarec.main - INFO - [main.py:36] - Database initialized successfully
2026-02-14 18:56:34 - pharmarec.main - INFO - [main.py:39] - Shutting down application
2026-02-14 18:56:34 - pharmarec.main - INFO - [main.py:39] - Shutting down application
2026-02-14 18:56:37 - pharmarec.main - INFO - [main.py:139] - PharmaRec AI v1.0.0 FastAPI app initialized
2026-02-14 18:56:37 - pharmarec.main - INFO - [main.py:139] - PharmaRec AI v1.0.0 FastAPI app initialized
2026-02-14 18:56:37 - pharmarec.main - INFO - [main.py:140] - OpenAPI docs available at: /docs
2026-02-14 18:56:37 - pharmarec.main - INFO - [main.py:140] - OpenAPI docs available at: /docs
2026-02-14 18:56:37 - pharmarec.main - INFO - [main.py:34] - Initializing database...
2026-02-14 18:56:37 - pharmarec.main - INFO - [main.py:34] - Initializing database...
2026-02-14 18:56:37 - pharmarec.main - INFO - [main.py:36] - Database initialized successfully
2026-02-14 18:56:37 - pharmarec.main - INFO - [main.py:36] - Database initialized successfully
2026-02-14 18:56:45 - pharmarec.main - INFO - [main.py:39] - Shutting down application
2026-02-14 18:56:45 - pharmarec.main - INFO - [main.py:39] - Shutting down application
2026-02-14 18:56:47 - pharmarec.main - INFO - [main.py:139] - PharmaRec AI v1.0.0 FastAPI app initialized
2026-02-14 18:56:47 - pharmarec.main - INFO - [main.py:139] - PharmaRec AI v1.0.0 FastAPI app initialized
2026-02-14 18:56:47 - pharmarec.main - INFO - [main.py:140] - OpenAPI docs available at: /docs
2026-02-14 18:56:47 - pharmarec.main - INFO - [main.py:140] - OpenAPI docs available at: /docs
2026-02-14 18:56:47 - pharmarec.main - INFO - [main.py:34] - Initializing database...
2026-02-14 18:56:47 - pharmarec.main - INFO - [main.py:34] - Initializing database...
2026-02-14 18:56:47 - pharmarec.main - INFO - [main.py:36] - Database initialized successfully
2026-02-14 18:56:47 - pharmarec.main - INFO - [main.py:36] - Database initialized successfully
2026-02-14 18:56:54 - pharmarec.main - INFO - [main.py:39] - Shutting down application
2026-02-14 18:56:54 - pharmarec.main - INFO - [main.py:39] - Shutting down application
2026-02-14 18:56:56 - pharmarec.main - INFO - [main.py:139] - PharmaRec AI v1.0.0 FastAPI app initialized
2026-02-14 18:56:56 - pharmarec.main - INFO - [main.py:139] - PharmaRec AI v1.0.0 FastAPI app initialized
2026-02-14 18:56:56 - pharmarec.main - INFO - [main.py:140] - OpenAPI docs available at: /docs
2026-02-14 18:56:56 - pharmarec.main - INFO - [main.py:140] - OpenAPI docs available at: /docs
2026-02-14 18:56:56 - pharmarec.main - INFO - [main.py:34] - Initializing database...
2026-02-14 18:56:56 - pharmarec.main - INFO - [main.py:34] - Initializing database...
2026-02-14 18:56:56 - pharmarec.main - INFO - [main.py:36] - Database initialized successfully
2026-02-14 18:56:56 - pharmarec.main - INFO - [main.py:36] - Database initialized successfully
2026-02-14 18:56:58 - pharmarec.main - INFO - [main.py:139] - PharmaRec AI v1.0.0 FastAPI app initialized
2026-02-14 18:56:58 - pharmarec.main - INFO - [main.py:139] - PharmaRec AI v1.0.0 FastAPI app initialized
2026-02-14 18:56:58 - pharmarec.main - INFO - [main.py:140] - OpenAPI docs available at: /docs
2026-02-14 18:56:58 - pharmarec.main - INFO - [main.py:140] - OpenAPI docs available at: /docs
2026-02-14 18:56:58 - pharmarec.main - INFO - [main.py:34] - Initializing database...
2026-02-14 18:56:58 - pharmarec.main - INFO - [main.py:34] - Initializing database...
2026-02-14 18:56:58 - pharmarec.main - INFO - [main.py:36] - Database initialized successfully
2026-02-14 18:56:58 - pharmarec.main - INFO - [main.py:36] - Database initialized successfully
2026-02-14 18:58:03 - pharmarec.main - INFO - [main.py:39] - Shutting down application
2026-02-14 18:58:03 - pharmarec.main - INFO - [main.py:39] - Shutting down application
2026-02-14 18:58:05 - pharmarec.main - INFO - [main.py:139] - PharmaRec AI v1.0.0 FastAPI app initialized
2026-02-14 18:58:05 - pharmarec.main - INFO - [main.py:139] - PharmaRec AI v1.0.0 FastAPI app initialized
2026-02-14 18:58:05 - pharmarec.main - INFO - [main.py:140] - OpenAPI docs available at: /docs
2026-02-14 18:58:05 - pharmarec.main - INFO - [main.py:140] - OpenAPI docs available at: /docs
2026-02-14 18:58:05 - pharmarec.main - INFO - [main.py:34] - Initializing database...
2026-02-14 18:58:05 - pharmarec.main - INFO - [main.py:34] - Initializing database...
2026-02-14 18:58:05 - pharmarec.main - INFO - [main.py:36] - Database initialized successfully
2026-02-14 18:58:05 - pharmarec.main - INFO - [main.py:36] - Database initialized successfully
2026-02-14 18:58:06 - pharmarec.main - INFO - [main.py:39] - Shutting down application
2026-02-14 18:58:06 - pharmarec.main - INFO - [main.py:39] - Shutting down application
2026-02-14 18:58:07 - pharmarec.main - INFO - [main.py:139] - PharmaRec AI v1.0.0 FastAPI app initialized
2026-02-14 18:58:07 - pharmarec.main - INFO - [main.py:139] - PharmaRec AI v1.0.0 FastAPI app initialized
2026-02-14 18:58:07 - pharmarec.main - INFO - [main.py:140] - OpenAPI docs available at: /docs
2026-02-14 18:58:07 - pharmarec.main - INFO - [main.py:140] - OpenAPI docs available at: /docs
2026-02-14 18:58:07 - pharmarec.main - INFO - [main.py:34] - Initializing database...
2026-02-14 18:58:07 - pharmarec.main - INFO - [main.py:34] - Initializing database...
2026-02-14 18:58:07 - pharmarec.main - INFO - [main.py:36] - Database initialized successfully
2026-02-14 18:58:07 - pharmarec.main - INFO - [main.py:36] - Database initialized successfully
2026-02-14 18:58:08 - pharmarec.main - INFO - [main.py:139] - PharmaRec AI v1.0.0 FastAPI app initialized
2026-02-14 18:58:08 - pharmarec.main - INFO - [main.py:139] - PharmaRec AI v1.0.0 FastAPI app initialized
2026-02-14 18:58:08 - pharmarec.main - INFO - [main.py:140] - OpenAPI docs available at: /docs
2026-02-14 18:58:08 - pharmarec.main - INFO - [main.py:140] - OpenAPI docs available at: /docs
2026-02-14 18:58:08 - pharmarec.main - INFO - [main.py:34] - Initializing database...
2026-02-14 18:58:08 - pharmarec.main - INFO - [main.py:34] - Initializing database...
2026-02-14 18:58:08 - pharmarec.main - INFO - [main.py:36] - Database initialized successfully
2026-02-14 18:58:08 - pharmarec.main - INFO - [main.py:36] - Database initialized successfully
2026-02-14 18:58:11 - pharmarec.main - INFO - [main.py:139] - PharmaRec AI v1.0.0 FastAPI app initialized
2026-02-14 18:58:11 - pharmarec.main - INFO - [main.py:139] - PharmaRec AI v1.0.0 FastAPI app initialized
2026-02-14 18:58:11 - pharmarec.main - INFO - [main.py:140] - OpenAPI docs available at: /docs
2026-02-14 18:58:11 - pharmarec.main - INFO - [main.py:140] - OpenAPI docs available at: /docs
2026-02-14 18:58:11 - pharmarec.main - INFO - [main.py:34] - Initializing database...
2026-02-14 18:58:11 - pharmarec.main - INFO - [main.py:34] - Initializing database...
2026-02-14 18:58:11 - pharmarec.main - INFO - [main.py:36] - Database initialized successfully
2026-02-14 18:58:11 - pharmarec.main - INFO - [main.py:36] - Database initialized successfully
2026-02-14 18:58:41 - pharmarec.main - INFO - [main.py:39] - Shutting down application
2026-02-14 18:58:41 - pharmarec.main - INFO - [main.py:39] - Shutting down application
2026-02-14 18:58:41 - pharmarec.main - INFO - [main.py:39] - Shutting down application
2026-02-14 18:58:41 - pharmarec.main - INFO - [main.py:39] - Shutting down application
2026-02-14 18:58:41 - pharmarec.main - INFO - [main.py:39] - Shutting down application
2026-02-14 18:58:41 - pharmarec.main - INFO - [main.py:39] - Shutting down application
2026-02-14 18:58:43 - pharmarec.main - INFO - [main.py:139] - PharmaRec AI v1.0.0 FastAPI app initialized
2026-02-14 18:58:43 - pharmarec.main - INFO - [main.py:139] - PharmaRec AI v1.0.0 FastAPI app initialized
2026-02-14 18:58:43 - pharmarec.main - INFO - [main.py:140] - OpenAPI docs available at: /docs
2026-02-14 18:58:43 - pharmarec.main - INFO - [main.py:140] - OpenAPI docs available at: /docs
2026-02-14 18:58:43 - pharmarec.main - INFO - [main.py:34] - Initializing database...
2026-02-14 18:58:43 - pharmarec.main - INFO - [main.py:34] - Initializing database...
2026-02-14 18:58:43 - pharmarec.main - INFO - [main.py:36] - Database initialized successfully
2026-02-14 18:58:43 - pharmarec.main - INFO - [main.py:36] - Database initialized successfully
2026-02-14 18:58:43 - pharmarec.main - INFO - [main.py:139] - PharmaRec AI v1.0.0 FastAPI app initialized
2026-02-14 18:58:43 - pharmarec.main - INFO - [main.py:139] - PharmaRec AI v1.0.0 FastAPI app initialized
2026-02-14 18:58:43 - pharmarec.main - INFO - [main.py:140] - OpenAPI docs available at: /docs
2026-02-14 18:58:43 - pharmarec.main - INFO - [main.py:140] - OpenAPI docs available at: /docs
2026-02-14 18:58:43 - pharmarec.main - INFO - [main.py:34] - Initializing database...
2026-02-14 18:58:43 - pharmarec.main - INFO - [main.py:34] - Initializing database...
2026-02-14 18:58:43 - pharmarec.main - INFO - [main.py:36] - Database initialized successfully
2026-02-14 18:58:43 - pharmarec.main - INFO - [main.py:36] - Database initialized successfully
2026-02-14 18:58:43 - pharmarec.main - INFO - [main.py:139] - PharmaRec AI v1.0.0 FastAPI app initialized
2026-02-14 18:58:43 - pharmarec.main - INFO - [main.py:139] - PharmaRec AI v1.0.0 FastAPI app initialized
2026-02-14 18:58:43 - pharmarec.main - INFO - [main.py:140] - OpenAPI docs available at: /docs
2026-02-14 18:58:43 - pharmarec.main - INFO - [main.py:140] - OpenAPI docs available at: /docs
2026-02-14 18:58:43 - pharmarec.main - INFO - [main.py:34] - Initializing database...
2026-02-14 18:58:43 - pharmarec.main - INFO - [main.py:34] - Initializing database...
2026-02-14 18:58:43 - pharmarec.main - INFO - [main.py:36] - Database initialized successfully
2026-02-14 18:58:43 - pharmarec.main - INFO - [main.py:36] - Database initialized successfully
2026-02-14 18:58:45 - pharmarec.main - INFO - [main.py:139] - PharmaRec AI v1.0.0 FastAPI app initialized
2026-02-14 18:58:45 - pharmarec.main - INFO - [main.py:139] - PharmaRec AI v1.0.0 FastAPI app initialized
2026-02-14 18:58:45 - pharmarec.main - INFO - [main.py:140] - OpenAPI docs available at: /docs
2026-02-14 18:58:45 - pharmarec.main - INFO - [main.py:140] - OpenAPI docs available at: /docs
2026-02-14 18:58:45 - pharmarec.main - INFO - [main.py:34] - Initializing database...
2026-02-14 18:58:45 - pharmarec.main - INFO - [main.py:34] - Initializing database...
2026-02-14 18:58:45 - pharmarec.main - INFO - [main.py:36] - Database initialized successfully
2026-02-14 18:58:45 - pharmarec.main - INFO - [main.py:36] - Database initialized successfully
2026-02-14 18:58:45 - pharmarec.main - INFO - [main.py:139] - PharmaRec AI v1.0.0 FastAPI app initialized
2026-02-14 18:58:45 - pharmarec.main - INFO - [main.py:139] - PharmaRec AI v1.0.0 FastAPI app initialized
2026-02-14 18:58:45 - pharmarec.main - INFO - [main.py:140] - OpenAPI docs available at: /docs
2026-02-14 18:58:45 - pharmarec.main - INFO - [main.py:140] - OpenAPI docs available at: /docs
2026-02-14 18:58:45 - pharmarec.main - INFO - [main.py:34] - Initializing database...
2026-02-14 18:58:45 - pharmarec.main - INFO - [main.py:34] - Initializing database...
2026-02-14 18:58:45 - pharmarec.main - INFO - [main.py:36] - Database initialized successfully
2026-02-14 18:58:45 - pharmarec.main - INFO - [main.py:36] - Database initialized successfully
2026-02-14 18:58:48 - pharmarec.main - INFO - [main.py:139] - PharmaRec AI v1.0.0 FastAPI app initialized
2026-02-14 18:58:48 - pharmarec.main - INFO - [main.py:139] - PharmaRec AI v1.0.0 FastAPI app initialized
2026-02-14 18:58:48 - pharmarec.main - INFO - [main.py:140] - OpenAPI docs available at: /docs
2026-02-14 18:58:48 - pharmarec.main - INFO - [main.py:140] - OpenAPI docs available at: /docs
2026-02-14 18:58:48 - pharmarec.main - INFO - [main.py:34] - Initializing database...
2026-02-14 18:58:48 - pharmarec.main - INFO - [main.py:34] - Initializing database...
2026-02-14 18:58:48 - pharmarec.main - INFO - [main.py:36] - Database initialized successfully
2026-02-14 18:58:48 - pharmarec.main - INFO - [main.py:36] - Database initialized successfully
2026-02-14 18:58:48 - pharmarec.main - INFO - [main.py:39] - Shutting down application
2026-02-14 18:58:48 - pharmarec.main - INFO - [main.py:39] - Shutting down application
2026-02-14 18:58:48 - pharmarec.main - INFO - [main.py:34] - Initializing database...
2026-02-14 18:58:48 - pharmarec.main - INFO - [main.py:34] - Initializing database...
2026-02-14 18:58:48 - pharmarec.main - INFO - [main.py:36] - Database initialized successfully
2026-02-14 18:58:48 - pharmarec.main - INFO - [main.py:36] - Database initialized successfully
2026-02-14 18:58:49 - pharmarec.main - INFO - [main.py:39] - Shutting down application
2026-02-14 18:58:49 - pharmarec.main - INFO - [main.py:39] - Shutting down application
2026-02-14 18:58:49 - pharmarec.main - INFO - [main.py:34] - Initializing database...
2026-02-14 18:58:49 - pharmarec.main - INFO - [main.py:34] - Initializing database...
2026-02-14 18:58:49 - pharmarec.main - INFO - [main.py:36] - Database initialized successfully
2026-02-14 18:58:49 - pharmarec.main - INFO - [main.py:36] - Database initialized successfully
2026-02-14 18:58:49 - pharmarec.main - INFO - [main.py:39] - Shutting down application
2026-02-14 18:58:49 - pharmarec.main - INFO - [main.py:39] - Shutting down application
2026-02-14 18:58:49 - pharmarec.main - INFO - [main.py:34] - Initializing database...
2026-02-14 18:58:49 - pharmarec.main - INFO - [main.py:34] - Initializing database...
2026-02-14 18:58:49 - pharmarec.main - INFO - [main.py:36] - Database initialized successfully
2026-02-14 18:58:49 - pharmarec.main - INFO - [main.py:36] - Database initialized successfully
2026-02-14 18:58:49 - pharmarec.main - INFO - [main.py:39] - Shutting down application
2026-02-14 18:58:49 - pharmarec.main - INFO - [main.py:39] - Shutting down application
2026-02-14 18:58:49 - pharmarec.main - INFO - [main.py:34] - Initializing database...
2026-02-14 18:58:49 - pharmarec.main - INFO - [main.py:34] - Initializing database...
2026-02-14 18:58:49 - pharmarec.main - INFO - [main.py:36] - Database initialized successfully
2026-02-14 18:58:49 - pharmarec.main - INFO - [main.py:36] - Database initialized successfully
2026-02-14 18:58:49 - pharmarec.main - INFO - [main.py:39] - Shutting down application
2026-02-14 18:58:49 - pharmarec.main - INFO - [main.py:39] - Shutting down application
2026-02-14 18:58:49 - pharmarec.main - INFO - [main.py:34] - Initializing database...
2026-02-14 18:58:49 - pharmarec.main - INFO - [main.py:34] - Initializing database...
2026-02-14 18:58:49 - pharmarec.main - INFO - [main.py:36] - Database initialized successfully
2026-02-14 18:58:49 - pharmarec.main - INFO - [main.py:36] - Database initialized successfully
2026-02-14 18:58:49 - pharmarec.main - INFO - [main.py:39] - Shutting down application
2026-02-14 18:58:49 - pharmarec.main - INFO - [main.py:39] - Shutting down application
2026-02-14 18:58:49 - pharmarec.main - INFO - [main.py:34] - Initializing database...
2026-02-14 18:58:49 - pharmarec.main - INFO - [main.py:34] - Initializing database...
2026-02-14 18:58:49 - pharmarec.main - INFO - [main.py:36] - Database initialized successfully
2026-02-14 18:58:49 - pharmarec.main - INFO - [main.py:36] - Database initialized successfully
2026-02-14 18:58:49 - pharmarec.main - INFO - [main.py:39] - Shutting down application
2026-02-14 18:58:49 - pharmarec.main - INFO - [main.py:39] - Shutting down application
2026-02-14 18:58:49 - pharmarec.main - INFO - [main.py:34] - Initializing database...
2026-02-14 18:58:49 - pharmarec.main - INFO - [main.py:34] - Initializing database...
2026-02-14 18:58:49 - pharmarec.main - INFO - [main.py:36] - Database initialized successfully
2026-02-14 18:58:49 - pharmarec.main - INFO - [main.py:36] - Database initialized successfully
2026-02-14 18:58:49 - pharmarec.main - INFO - [main.py:39] - Shutting down application
2026-02-14 18:58:49 - pharmarec.main - INFO - [main.py:39] - Shutting down application
2026-02-14 18:58:49 - pharmarec.main - INFO - [main.py:34] - Initializing database...
2026-02-14 18:58:49 - pharmarec.main - INFO - [main.py:34] - Initializing database...
2026-02-14 18:58:49 - pharmarec.main - INFO - [main.py:36] - Database initialized successfully
2026-02-14 18:58:49 - pharmarec.main - INFO - [main.py:36] - Database initialized successfully
2026-02-14 18:58:49 - pharmarec.main - INFO - [main.py:39] - Shutting down application
2026-02-14 18:58:49 - pharmarec.main - INFO - [main.py:39] - Shutting down application
2026-02-14 18:58:49 - pharmarec.main - INFO - [main.py:34] - Initializing database...
2026-02-14 18:58:49 - pharmarec.main - INFO - [main.py:34] - Initializing database...
2026-02-14 18:58:49 - pharmarec.main - INFO - [main.py:36] - Database initialized successfully
2026-02-14 18:58:49 - pharmarec.main - INFO - [main.py:36] - Database initialized successfully
2026-02-14 18:58:49 - pharmarec.main - INFO - [main.py:39] - Shutting down application
2026-02-14 18:58:49 - pharmarec.main - INFO - [main.py:39] - Shutting down application
2026-02-14 19:05:34 - pharmarec.main - INFO - [main.py:39] - Shutting down application
2026-02-14 19:05:34 - pharmarec.main - INFO - [main.py:39] - Shutting down application
2026-02-14 19:05:37 - pharmarec.main - INFO - [main.py:145] - PharmaRec AI v1.0.0 FastAPI app initialized
2026-02-14 19:05:37 - pharmarec.main - INFO - [main.py:145] - PharmaRec AI v1.0.0 FastAPI app initialized
2026-02-14 19:05:37 - pharmarec.main - INFO - [main.py:146] - OpenAPI docs available at: /docs
2026-02-14 19:05:37 - pharmarec.main - INFO - [main.py:146] - OpenAPI docs available at: /docs
2026-02-14 19:05:37 - pharmarec.main - INFO - [main.py:34] - Initializing database...
2026-02-14 19:05:37 - pharmarec.main - INFO - [main.py:34] - Initializing database...
2026-02-14 19:05:37 - pharmarec.main - INFO - [main.py:36] - Database initialized successfully
2026-02-14 19:05:37 - pharmarec.main - INFO - [main.py:36] - Database initialized successfully
2026-02-14 19:06:22 - pharmarec.main - INFO - [main.py:39] - Shutting down application
2026-02-14 19:06:22 - pharmarec.main - INFO - [main.py:39] - Shutting down application
2026-02-14 19:06:24 - pharmarec.main - INFO - [main.py:145] - PharmaRec AI v1.0.0 FastAPI app initialized
2026-02-14 19:06:24 - pharmarec.main - INFO - [main.py:145] - PharmaRec AI v1.0.0 FastAPI app initialized
2026-02-14 19:06:24 - pharmarec.main - INFO - [main.py:146] - OpenAPI docs available at: /docs
2026-02-14 19:06:24 - pharmarec.main - INFO - [main.py:146] - OpenAPI docs available at: /docs
2026-02-14 19:06:24 - pharmarec.main - INFO - [main.py:34] - Initializing database...
2026-02-14 19:06:24 - pharmarec.main - INFO - [main.py:34] - Initializing database...
2026-02-14 19:06:24 - pharmarec.main - INFO - [main.py:36] - Database initialized successfully
2026-02-14 19:06:24 - pharmarec.main - INFO - [main.py:36] - Database initialized successfully
2026-02-14 19:06:24 - pharmarec.main - INFO - [main.py:145] - PharmaRec AI v1.0.0 FastAPI app initialized
2026-02-14 19:06:24 - pharmarec.main - INFO - [main.py:145] - PharmaRec AI v1.0.0 FastAPI app initialized
2026-02-14 19:06:24 - pharmarec.main - INFO - [main.py:146] - OpenAPI docs available at: /docs
2026-02-14 19:06:24 - pharmarec.main - INFO - [main.py:146] - OpenAPI docs available at: /docs
2026-02-14 19:06:24 - pharmarec.main - INFO - [main.py:34] - Initializing database...
2026-02-14 19:06:24 - pharmarec.main - INFO - [main.py:34] - Initializing database...
2026-02-14 19:06:24 - pharmarec.main - INFO - [main.py:36] - Database initialized successfully
2026-02-14 19:06:24 - pharmarec.main - INFO - [main.py:36] - Database initialized successfully
2026-02-14 19:06:24 - pharmarec.main - INFO - [main.py:39] - Shutting down application
2026-02-14 19:06:24 - pharmarec.main - INFO - [main.py:39] - Shutting down application
2026-02-14 19:06:32 - pharmarec.main - INFO - [main.py:39] - Shutting down application
2026-02-14 19:06:32 - pharmarec.main - INFO - [main.py:39] - Shutting down application
2026-02-14 19:06:35 - pharmarec.main - INFO - [main.py:145] - PharmaRec AI v1.0.0 FastAPI app initialized
2026-02-14 19:06:35 - pharmarec.main - INFO - [main.py:145] - PharmaRec AI v1.0.0 FastAPI app initialized
2026-02-14 19:06:35 - pharmarec.main - INFO - [main.py:146] - OpenAPI docs available at: /docs
2026-02-14 19:06:35 - pharmarec.main - INFO - [main.py:146] - OpenAPI docs available at: /docs
2026-02-14 19:06:35 - pharmarec.main - INFO - [main.py:34] - Initializing database...
2026-02-14 19:06:35 - pharmarec.main - INFO - [main.py:34] - Initializing database...
2026-02-14 19:06:35 - pharmarec.main - INFO - [main.py:36] - Database initialized successfully
2026-02-14 19:06:35 - pharmarec.main - INFO - [main.py:36] - Database initialized successfully
2026-02-14 19:06:37 - pharmarec.main - INFO - [main.py:145] - PharmaRec AI v1.0.0 FastAPI app initialized
2026-02-14 19:06:37 - pharmarec.main - INFO - [main.py:145] - PharmaRec AI v1.0.0 FastAPI app initialized
2026-02-14 19:06:37 - pharmarec.main - INFO - [main.py:146] - OpenAPI docs available at: /docs
2026-02-14 19:06:37 - pharmarec.main - INFO - [main.py:146] - OpenAPI docs available at: /docs
2026-02-14 19:06:37 - pharmarec.main - INFO - [main.py:34] - Initializing database...
2026-02-14 19:06:37 - pharmarec.main - INFO - [main.py:34] - Initializing database...
2026-02-14 19:06:37 - pharmarec.main - INFO - [main.py:36] - Database initialized successfully
2026-02-14 19:06:37 - pharmarec.main - INFO - [main.py:36] - Database initialized successfully
2026-02-14 19:06:57 - pharmarec.main - INFO - [main.py:39] - Shutting down application
2026-02-14 19:06:57 - pharmarec.main - INFO - [main.py:39] - Shutting down application
2026-02-14 19:06:59 - pharmarec.main - INFO - [main.py:145] - PharmaRec AI v1.0.0 FastAPI app initialized
2026-02-14 19:06:59 - pharmarec.main - INFO - [main.py:145] - PharmaRec AI v1.0.0 FastAPI app initialized
2026-02-14 19:06:59 - pharmarec.main - INFO - [main.py:146] - OpenAPI docs available at: /docs
2026-02-14 19:06:59 - pharmarec.main - INFO - [main.py:146] - OpenAPI docs available at: /docs
2026-02-14 19:06:59 - pharmarec.main - INFO - [main.py:34] - Initializing database...
2026-02-14 19:06:59 - pharmarec.main - INFO - [main.py:34] - Initializing database...
2026-02-14 19:06:59 - pharmarec.main - INFO - [main.py:36] - Database initialized successfully
2026-02-14 19:06:59 - pharmarec.main - INFO - [main.py:36] - Database initialized successfully
2026-02-14 19:07:01 - pharmarec.main - INFO - [main.py:145] - PharmaRec AI v1.0.0 FastAPI app initialized
2026-02-14 19:07:01 - pharmarec.main - INFO - [main.py:145] - PharmaRec AI v1.0.0 FastAPI app initialized
2026-02-14 19:07:01 - pharmarec.main - INFO - [main.py:146] - OpenAPI docs available at: /docs
2026-02-14 19:07:01 - pharmarec.main - INFO - [main.py:146] - OpenAPI docs available at: /docs
2026-02-14 19:07:01 - pharmarec.main - INFO - [main.py:34] - Initializing database...
2026-02-14 19:07:01 - pharmarec.main - INFO - [main.py:34] - Initializing database...
2026-02-14 19:07:01 - pharmarec.main - INFO - [main.py:36] - Database initialized successfully
2026-02-14 19:07:01 - pharmarec.main - INFO - [main.py:36] - Database initialized successfully
2026-02-14 19:08:09 - pharmarec.main - INFO - [main.py:39] - Shutting down application
2026-02-14 19:08:09 - pharmarec.main - INFO - [main.py:39] - Shutting down application
2026-02-14 19:08:11 - pharmarec.main - INFO - [main.py:145] - PharmaRec AI v1.0.0 FastAPI app initialized
2026-02-14 19:08:11 - pharmarec.main - INFO - [main.py:145] - PharmaRec AI v1.0.0 FastAPI app initialized
2026-02-14 19:08:11 - pharmarec.main - INFO - [main.py:146] - OpenAPI docs available at: /docs
2026-02-14 19:08:11 - pharmarec.main - INFO - [main.py:146] - OpenAPI docs available at: /docs
2026-02-14 19:08:11 - pharmarec.main - INFO - [main.py:34] - Initializing database...
2026-02-14 19:08:11 - pharmarec.main - INFO - [main.py:34] - Initializing database...
2026-02-14 19:08:11 - pharmarec.main - INFO - [main.py:36] - Database initialized successfully
2026-02-14 19:08:11 - pharmarec.main - INFO - [main.py:36] - Database initialized successfully
2026-02-14 19:08:13 - pharmarec.main - INFO - [main.py:145] - PharmaRec AI v1.0.0 FastAPI app initialized
2026-02-14 19:08:13 - pharmarec.main - INFO - [main.py:145] - PharmaRec AI v1.0.0 FastAPI app initialized
2026-02-14 19:08:13 - pharmarec.main - INFO - [main.py:146] - OpenAPI docs available at: /docs
2026-02-14 19:08:13 - pharmarec.main - INFO - [main.py:146] - OpenAPI docs available at: /docs
2026-02-14 19:08:13 - pharmarec.main - INFO - [main.py:34] - Initializing database...
2026-02-14 19:08:13 - pharmarec.main - INFO - [main.py:34] - Initializing database...
2026-02-14 19:08:13 - pharmarec.main - INFO - [main.py:36] - Database initialized successfully
2026-02-14 19:08:13 - pharmarec.main - INFO - [main.py:36] - Database initialized successfully
2026-02-14 19:08:41 - pharmarec.main - INFO - [main.py:39] - Shutting down application
2026-02-14 19:08:41 - pharmarec.main - INFO - [main.py:39] - Shutting down application
2026-02-14 19:08:43 - pharmarec.main - INFO - [main.py:145] - PharmaRec AI v1.0.0 FastAPI app initialized
2026-02-14 19:08:43 - pharmarec.main - INFO - [main.py:145] - PharmaRec AI v1.0.0 FastAPI app initialized
2026-02-14 19:08:43 - pharmarec.main - INFO - [main.py:146] - OpenAPI docs available at: /docs
2026-02-14 19:08:43 - pharmarec.main - INFO - [main.py:146] - OpenAPI docs available at: /docs
2026-02-14 19:08:43 - pharmarec.main - INFO - [main.py:34] - Initializing database...
2026-02-14 19:08:43 - pharmarec.main - INFO - [main.py:34] - Initializing database...
2026-02-14 19:08:43 - pharmarec.main - INFO - [main.py:36] - Database initialized successfully
2026-02-14 19:08:43 - pharmarec.main - INFO - [main.py:36] - Database initialized successfully
2026-02-14 19:08:43 - pharmarec.main - INFO - [main.py:39] - Shutting down application
2026-02-14 19:08:43 - pharmarec.main - INFO - [main.py:39] - Shutting down application
2026-02-14 19:08:44 - pharmarec.main - INFO - [main.py:39] - Shutting down application
2026-02-14 19:08:44 - pharmarec.main - INFO - [main.py:39] - Shutting down application
2026-02-14 19:08:45 - pharmarec.main - INFO - [main.py:145] - PharmaRec AI v1.0.0 FastAPI app initialized
2026-02-14 19:08:45 - pharmarec.main - INFO - [main.py:145] - PharmaRec AI v1.0.0 FastAPI app initialized
2026-02-14 19:08:45 - pharmarec.main - INFO - [main.py:146] - OpenAPI docs available at: /docs
2026-02-14 19:08:45 - pharmarec.main - INFO - [main.py:146] - OpenAPI docs available at: /docs
2026-02-14 19:08:45 - pharmarec.main - INFO - [main.py:34] - Initializing database...
2026-02-14 19:08:45 - pharmarec.main - INFO - [main.py:34] - Initializing database...
2026-02-14 19:08:45 - pharmarec.main - INFO - [main.py:36] - Database initialized successfully
2026-02-14 19:08:45 - pharmarec.main - INFO - [main.py:36] - Database initialized successfully
2026-02-14 19:08:45 - pharmarec.main - INFO - [main.py:145] - PharmaRec AI v1.0.0 FastAPI app initialized
2026-02-14 19:08:45 - pharmarec.main - INFO - [main.py:145] - PharmaRec AI v1.0.0 FastAPI app initialized
2026-02-14 19:08:45 - pharmarec.main - INFO - [main.py:146] - OpenAPI docs available at: /docs
2026-02-14 19:08:45 - pharmarec.main - INFO - [main.py:146] - OpenAPI docs available at: /docs
2026-02-14 19:08:45 - pharmarec.main - INFO - [main.py:34] - Initializing database...
2026-02-14 19:08:45 - pharmarec.main - INFO - [main.py:34] - Initializing database...
2026-02-14 19:08:45 - pharmarec.main - INFO - [main.py:36] - Database initialized successfully
2026-02-14 19:08:45 - pharmarec.main - INFO - [main.py:36] - Database initialized successfully
2026-02-14 19:08:45 - pharmarec.main - INFO - [main.py:145] - PharmaRec AI v1.0.0 FastAPI app initialized
2026-02-14 19:08:45 - pharmarec.main - INFO - [main.py:145] - PharmaRec AI v1.0.0 FastAPI app initialized
2026-02-14 19:08:45 - pharmarec.main - INFO - [main.py:146] - OpenAPI docs available at: /docs
2026-02-14 19:08:45 - pharmarec.main - INFO - [main.py:146] - OpenAPI docs available at: /docs
2026-02-14 19:08:45 - pharmarec.main - INFO - [main.py:34] - Initializing database...
2026-02-14 19:08:45 - pharmarec.main - INFO - [main.py:34] - Initializing database...
2026-02-14 19:08:45 - pharmarec.main - INFO - [main.py:36] - Database initialized successfully
2026-02-14 19:08:45 - pharmarec.main - INFO - [main.py:36] - Database initialized successfully
2026-02-14 19:08:47 - pharmarec.main - INFO - [main.py:145] - PharmaRec AI v1.0.0 FastAPI app initialized
2026-02-14 19:08:47 - pharmarec.main - INFO - [main.py:145] - PharmaRec AI v1.0.0 FastAPI app initialized
2026-02-14 19:08:47 - pharmarec.main - INFO - [main.py:146] - OpenAPI docs available at: /docs
2026-02-14 19:08:47 - pharmarec.main - INFO - [main.py:146] - OpenAPI docs available at: /docs
2026-02-14 19:08:47 - pharmarec.main - INFO - [main.py:34] - Initializing database...
2026-02-14 19:08:47 - pharmarec.main - INFO - [main.py:34] - Initializing database...
2026-02-14 19:08:47 - pharmarec.main - INFO - [main.py:36] - Database initialized successfully
2026-02-14 19:08:47 - pharmarec.main - INFO - [main.py:36] - Database initialized successfully
2026-02-14 19:08:47 - pharmarec.main - INFO - [main.py:145] - PharmaRec AI v1.0.0 FastAPI app initialized
2026-02-14 19:08:47 - pharmarec.main - INFO - [main.py:145] - PharmaRec AI v1.0.0 FastAPI app initialized
2026-02-14 19:08:47 - pharmarec.main - INFO - [main.py:146] - OpenAPI docs available at: /docs
2026-02-14 19:08:47 - pharmarec.main - INFO - [main.py:146] - OpenAPI docs available at: /docs
2026-02-14 19:08:47 - pharmarec.main - INFO - [main.py:34] - Initializing database...
2026-02-14 19:08:47 - pharmarec.main - INFO - [main.py:34] - Initializing database...
2026-02-14 19:08:47 - pharmarec.main - INFO - [main.py:36] - Database initialized successfully
2026-02-14 19:08:47 - pharmarec.main - INFO - [main.py:36] - Database initialized successfully
2026-02-14 19:11:11 - pharmarec.main - INFO - [main.py:39] - Shutting down application
2026-02-14 19:11:11 - pharmarec.main - INFO - [main.py:39] - Shutting down application
2026-02-14 19:16:28 - pharmarec.main - INFO - [main.py:39] - Shutting down application
2026-02-14 19:16:28 - pharmarec.main - INFO - [main.py:39] - Shutting down application
2026-02-14 19:16:35 - pharmarec.main - INFO - [main.py:39] - Shutting down application
2026-02-14 19:16:35 - pharmarec.main - INFO - [main.py:39] - Shutting down application
2026-02-14 19:16:39 - pharmarec.main - INFO - [main.py:145] - PharmaRec AI v1.0.0 FastAPI app initialized
2026-02-14 19:16:39 - pharmarec.main - INFO - [main.py:145] - PharmaRec AI v1.0.0 FastAPI app initialized
2026-02-14 19:16:39 - pharmarec.main - INFO - [main.py:146] - OpenAPI docs available at: /docs
2026-02-14 19:16:39 - pharmarec.main - INFO - [main.py:146] - OpenAPI docs available at: /docs
2026-02-14 19:16:39 - pharmarec.main - INFO - [main.py:34] - Initializing database...
2026-02-14 19:16:39 - pharmarec.main - INFO - [main.py:34] - Initializing database...
2026-02-14 19:16:39 - pharmarec.main - INFO - [main.py:36] - Database initialized successfully
2026-02-14 19:16:39 - pharmarec.main - INFO - [main.py:36] - Database initialized successfully
2026-02-14 19:16:46 - pharmarec.main - INFO - [main.py:145] - PharmaRec AI v1.0.0 FastAPI app initialized
2026-02-14 19:16:46 - pharmarec.main - INFO - [main.py:145] - PharmaRec AI v1.0.0 FastAPI app initialized
2026-02-14 19:16:46 - pharmarec.main - INFO - [main.py:146] - OpenAPI docs available at: /docs
2026-02-14 19:16:46 - pharmarec.main - INFO - [main.py:146] - OpenAPI docs available at: /docs
2026-02-14 19:16:46 - pharmarec.main - INFO - [main.py:34] - Initializing database...
2026-02-14 19:16:46 - pharmarec.main - INFO - [main.py:34] - Initializing database...
2026-02-14 19:16:46 - pharmarec.main - INFO - [main.py:36] - Database initialized successfully
2026-02-14 19:16:46 - pharmarec.main - INFO - [main.py:36] - Database initialized successfully
2026-02-14 19:16:59 - pharmarec.main - INFO - [main.py:39] - Shutting down application
2026-02-14 19:16:59 - pharmarec.main - INFO - [main.py:39] - Shutting down application
2026-02-14 19:17:01 - pharmarec.main - INFO - [main.py:145] - PharmaRec AI v1.0.0 FastAPI app initialized
2026-02-14 19:17:01 - pharmarec.main - INFO - [main.py:145] - PharmaRec AI v1.0.0 FastAPI app initialized
2026-02-14 19:17:01 - pharmarec.main - INFO - [main.py:146] - OpenAPI docs available at: /docs
2026-02-14 19:17:01 - pharmarec.main - INFO - [main.py:146] - OpenAPI docs available at: /docs
2026-02-14 19:17:01 - pharmarec.main - INFO - [main.py:34] - Initializing database...
2026-02-14 19:17:01 - pharmarec.main - INFO - [main.py:34] - Initializing database...
2026-02-14 19:17:01 - pharmarec.main - INFO - [main.py:36] - Database initialized successfully
2026-02-14 19:17:01 - pharmarec.main - INFO - [main.py:36] - Database initialized successfully
2026-02-14 19:18:12 - pharmarec.main - INFO - [main.py:39] - Shutting down application
2026-02-14 19:18:12 - pharmarec.main - INFO - [main.py:39] - Shutting down application
2026-02-14 19:18:14 - pharmarec.main - INFO - [main.py:145] - PharmaRec AI v1.0.0 FastAPI app initialized
2026-02-14 19:18:14 - pharmarec.main - INFO - [main.py:145] - PharmaRec AI v1.0.0 FastAPI app initialized
2026-02-14 19:18:14 - pharmarec.main - INFO - [main.py:146] - OpenAPI docs available at: /docs
2026-02-14 19:18:14 - pharmarec.main - INFO - [main.py:146] - OpenAPI docs available at: /docs
2026-02-14 19:18:14 - pharmarec.main - INFO - [main.py:34] - Initializing database...
2026-02-14 19:18:14 - pharmarec.main - INFO - [main.py:34] - Initializing database...
2026-02-14 19:18:14 - pharmarec.main - INFO - [main.py:36] - Database initialized successfully
2026-02-14 19:18:14 - pharmarec.main - INFO - [main.py:36] - Database initialized successfully
2026-02-14 19:18:43 - pharmarec.main - INFO - [main.py:39] - Shutting down application
2026-02-14 19:18:43 - pharmarec.main - INFO - [main.py:39] - Shutting down application
2026-02-14 19:18:46 - pharmarec.main - INFO - [main.py:145] - PharmaRec AI v1.0.0 FastAPI app initialized
2026-02-14 19:18:46 - pharmarec.main - INFO - [main.py:145] - PharmaRec AI v1.0.0 FastAPI app initialized
2026-02-14 19:18:46 - pharmarec.main - INFO - [main.py:146] - OpenAPI docs available at: /docs
2026-02-14 19:18:46 - pharmarec.main - INFO - [main.py:146] - OpenAPI docs available at: /docs
2026-02-14 19:18:46 - pharmarec.main - INFO - [main.py:34] - Initializing database...
2026-02-14 19:18:46 - pharmarec.main - INFO - [main.py:34] - Initializing database...
2026-02-14 19:18:46 - pharmarec.main - INFO - [main.py:36] - Database initialized successfully
2026-02-14 19:18:46 - pharmarec.main - INFO - [main.py:36] - Database initialized successfully
2026-02-14 19:18:46 - pharmarec.main - INFO - [main.py:39] - Shutting down application
2026-02-14 19:18:46 - pharmarec.main - INFO - [main.py:39] - Shutting down application
2026-02-14 19:18:48 - pharmarec.main - INFO - [main.py:145] - PharmaRec AI v1.0.0 FastAPI app initialized
2026-02-14 19:18:48 - pharmarec.main - INFO - [main.py:145] - PharmaRec AI v1.0.0 FastAPI app initialized
2026-02-14 19:18:48 - pharmarec.main - INFO - [main.py:146] - OpenAPI docs available at: /docs
2026-02-14 19:18:48 - pharmarec.main - INFO - [main.py:146] - OpenAPI docs available at: /docs
2026-02-14 19:18:48 - pharmarec.main - INFO - [main.py:34] - Initializing database...
2026-02-14 19:18:48 - pharmarec.main - INFO - [main.py:34] - Initializing database...
2026-02-14 19:18:48 - pharmarec.main - INFO - [main.py:36] - Database initialized successfully
2026-02-14 19:18:48 - pharmarec.main - INFO - [main.py:36] - Database initialized successfully
